--------------------------------------------------------------------------------
Release 14.7 Trace  (nt)
Copyright (c) 1995-2013 Xilinx, Inc.  All rights reserved.

C:\Xilinx\14.7\ISE_DS\ISE\bin\nt\unwrapped\trce.exe -intstyle ise -v 3 -s 3 -n
3 -fastpaths -xml ledBTNU.twx ledBTNU.ncd -o ledBTNU.twr ledBTNU.pcf -ucf
ledBTNU.ucf

Design file:              ledBTNU.ncd
Physical constraint file: ledBTNU.pcf
Device,package,speed:     xc6slx16,csg324,C,-3 (PRODUCTION 1.23 2013-10-13)
Report level:             verbose report

Environment Variable      Effect 
--------------------      ------ 
NONE                      No environment variables were set
--------------------------------------------------------------------------------

INFO:Timing:2698 - No timing constraints found, doing default enumeration.
INFO:Timing:3412 - To improve timing, see the Timing Closure User Guide (UG612).
INFO:Timing:2752 - To get complete path coverage, use the unconstrained paths 
   option. All paths that are not constrained will be reported in the 
   unconstrained paths section(s) of the report.
INFO:Timing:3339 - The clock-to-out numbers in this timing report are based on 
   a 50 Ohm transmission line loading model.  For the details of this model, 
   and for more information on accounting for different loading conditions, 
   please see the device datasheet.



Data Sheet report:
-----------------
All values displayed in nanoseconds (ns)

Pad to Pad
---------------+---------------+---------+
Source Pad     |Destination Pad|  Delay  |
---------------+---------------+---------+
switches<0>    |leds<0>        |    6.419|
switches<1>    |leds<1>        |    6.800|
switches<2>    |leds<2>        |    6.452|
switches<3>    |leds<3>        |    6.766|
switches<4>    |leds<4>        |    6.112|
switches<5>    |leds<5>        |    6.030|
switches<6>    |leds<6>        |    6.101|
switches<7>    |leds<7>        |    6.598|
---------------+---------------+---------+


Analysis completed Thu Nov 16 09:58:35 2023 
--------------------------------------------------------------------------------

Trace Settings:
-------------------------
Trace Settings 

Peak Memory Usage: 170 MB



