Release 14.7 - ngc2edif P.20131013 (nt)
Copyright (c) 1995-2013 Xilinx, Inc.  All rights reserved.
Reading design generic_divider_test.ngc ...
WARNING:NetListWriters:298 - No output is written to generic_divider_test.xncf,
   ignored.
Processing design ...
   Preping design's networks ...
   Preping design's macros ...
  finished :Prep
Writing EDIF netlist file generic_divider_test.edif ...
ngc2edif: Total memory usage is 78468 kilobytes

Release 14.7 - ngc2edif P.20131013 (nt)
Copyright (c) 1995-2013 Xilinx, Inc.  All rights reserved.
Reading design generic_divider_test.ngc ...
WARNING:NetListWriters:298 - No output is written to generic_divider_test.xncf,
   ignored.
Processing design ...
   Preping design's networks ...
   Preping design's macros ...
  finished :Prep
Writing EDIF netlist file generic_divider_test.edif ...
ngc2edif: Total memory usage is 78468 kilobytes

Release 14.7 - ngc2edif P.20131013 (nt)
Copyright (c) 1995-2013 Xilinx, Inc.  All rights reserved.
Reading design hex_decoder_test.ngc ...
WARNING:NetListWriters:298 - No output is written to hex_decoder_test.xncf,
   ignored.
Processing design ...
   Preping design's networks ...
   Preping design's macros ...
  finished :Prep
Writing EDIF netlist file hex_decoder_test.edif ...
ngc2edif: Total memory usage is 78468 kilobytes

Release 14.7 - ngc2edif P.20131013 (nt)
Copyright (c) 1995-2013 Xilinx, Inc.  All rights reserved.
Reading design binary_counter_test.ngc ...
WARNING:NetListWriters:298 - No output is written to binary_counter_test.xncf,
   ignored.
Processing design ...
   Preping design's networks ...
   Preping design's macros ...
  finished :Prep
Writing EDIF netlist file binary_counter_test.edif ...
ngc2edif: Total memory usage is 78468 kilobytes

Release 14.7 - ngc2edif P.20131013 (nt)
Copyright (c) 1995-2013 Xilinx, Inc.  All rights reserved.
Reading design moving_light.ngc ...
WARNING:NetListWriters:298 - No output is written to moving_light.xncf, ignored.
Processing design ...
   Preping design's networks ...
   Preping design's macros ...
  finished :Prep
Writing EDIF netlist file moving_light.edif ...
ngc2edif: Total memory usage is 78468 kilobytes

Release 14.7 - ngc2edif P.20131013 (nt)
Copyright (c) 1995-2013 Xilinx, Inc.  All rights reserved.
Reading design moving_light.ngc ...
WARNING:NetListWriters:298 - No output is written to moving_light.xncf, ignored.
Processing design ...
   Preping design's networks ...
   Preping design's macros ...
  finished :Prep
Writing EDIF netlist file moving_light.edif ...
ngc2edif: Total memory usage is 78468 kilobytes

Release 14.7 - ngc2edif P.20131013 (nt)
Copyright (c) 1995-2013 Xilinx, Inc.  All rights reserved.
Reading design traffic_light_CNTRL.ngc ...
WARNING:NetListWriters:298 - No output is written to traffic_light_CNTRL.xncf,
   ignored.
Processing design ...
   Preping design's networks ...
   Preping design's macros ...
  finished :Prep
Writing EDIF netlist file traffic_light_CNTRL.edif ...
ngc2edif: Total memory usage is 78596 kilobytes

Release 14.7 - ngc2edif P.20131013 (nt)
Copyright (c) 1995-2013 Xilinx, Inc.  All rights reserved.
Reading design sevenSegmentCNTRL.ngc ...
WARNING:NetListWriters:298 - No output is written to sevenSegmentCNTRL.xncf,
   ignored.
Processing design ...
   Preping design's networks ...
   Preping design's macros ...
  finished :Prep
Writing EDIF netlist file sevenSegmentCNTRL.edif ...
ngc2edif: Total memory usage is 78468 kilobytes

Release 14.7 - ngc2edif P.20131013 (nt)
Copyright (c) 1995-2013 Xilinx, Inc.  All rights reserved.
Reading design sevenSegmentCNTRL.ngc ...
WARNING:NetListWriters:298 - No output is written to sevenSegmentCNTRL.xncf,
   ignored.
Processing design ...
   Preping design's networks ...
   Preping design's macros ...
  finished :Prep
Writing EDIF netlist file sevenSegmentCNTRL.edif ...
ngc2edif: Total memory usage is 78532 kilobytes

Release 14.7 - ngc2edif P.20131013 (nt)
Copyright (c) 1995-2013 Xilinx, Inc.  All rights reserved.
Reading design ledBTNU.ngc ...
WARNING:NetListWriters:298 - No output is written to ledBTNU.xncf, ignored.
Processing design ...
   Preping design's networks ...
   Preping design's macros ...
  finished :Prep
Writing EDIF netlist file ledBTNU.edif ...
ngc2edif: Total memory usage is 78468 kilobytes

