Release 14.7 - xst P.20131013 (nt)
Copyright (c) 1995-2013 Xilinx, Inc.  All rights reserved.
--> Parameter TMPDIR set to xst/projnav.tmp


Total REAL time to Xst completion: 0.00 secs
Total CPU time to Xst completion: 0.11 secs
 
--> Parameter xsthdpdir set to xst


Total REAL time to Xst completion: 0.00 secs
Total CPU time to Xst completion: 0.11 secs
 
--> Reading design: sevenSegmentCNTRL.prj

TABLE OF CONTENTS
  1) Synthesis Options Summary
  2) HDL Parsing
  3) HDL Elaboration
  4) HDL Synthesis
       4.1) HDL Synthesis Report
  5) Advanced HDL Synthesis
       5.1) Advanced HDL Synthesis Report
  6) Low Level Synthesis
  7) Partition Report
  8) Design Summary
       8.1) Primitive and Black Box Usage
       8.2) Device utilization summary
       8.3) Partition Resource Summary
       8.4) Timing Report
            8.4.1) Clock Information
            8.4.2) Asynchronous Control Signals Information
            8.4.3) Timing Summary
            8.4.4) Timing Details
            8.4.5) Cross Clock Domains Report


=========================================================================
*                      Synthesis Options Summary                        *
=========================================================================
---- Source Parameters
Input File Name                    : "sevenSegmentCNTRL.prj"
Ignore Synthesis Constraint File   : NO

---- Target Parameters
Output File Name                   : "sevenSegmentCNTRL"
Output Format                      : NGC
Target Device                      : xc6slx16-3-csg324

---- Source Options
Top Module Name                    : sevenSegmentCNTRL
Automatic FSM Extraction           : YES
FSM Encoding Algorithm             : Auto
Safe Implementation                : No
FSM Style                          : LUT
RAM Extraction                     : Yes
RAM Style                          : Auto
ROM Extraction                     : Yes
Shift Register Extraction          : YES
ROM Style                          : Auto
Resource Sharing                   : YES
Asynchronous To Synchronous        : NO
Shift Register Minimum Size        : 2
Use DSP Block                      : Auto
Automatic Register Balancing       : No

---- Target Options
LUT Combining                      : Auto
Reduce Control Sets                : Auto
Add IO Buffers                     : YES
Global Maximum Fanout              : 100000
Add Generic Clock Buffer(BUFG)     : 16
Register Duplication               : YES
Optimize Instantiated Primitives   : NO
Use Clock Enable                   : Auto
Use Synchronous Set                : Auto
Use Synchronous Reset              : Auto
Pack IO Registers into IOBs        : Auto
Equivalent register Removal        : YES

---- General Options
Optimization Goal                  : Speed
Optimization Effort                : 1
Power Reduction                    : NO
Keep Hierarchy                     : No
Netlist Hierarchy                  : As_Optimized
RTL Output                         : Yes
Global Optimization                : AllClockNets
Read Cores                         : YES
Write Timing Constraints           : NO
Cross Clock Analysis               : NO
Hierarchy Separator                : /
Bus Delimiter                      : <>
Case Specifier                     : Maintain
Slice Utilization Ratio            : 100
BRAM Utilization Ratio             : 100
DSP48 Utilization Ratio            : 100
Auto BRAM Packing                  : NO
Slice Utilization Ratio Delta      : 5

=========================================================================


=========================================================================
*                          HDL Parsing                                  *
=========================================================================
Parsing VHDL file "D:\DRS\LV3_Milicevic_Istvanic\ISE\LV3_vhdl\mux.vhd" into library work
Parsing entity <mux>.
Parsing architecture <Behavioral> of entity <mux>.
Parsing VHDL file "D:\DRS\LV3_Milicevic_Istvanic\ISE\LV3_vhdl\hex_decoder.vhd" into library work
Parsing entity <hex_decoder>.
Parsing architecture <Behavioral> of entity <hex_decoder>.
Parsing VHDL file "D:\DRS\LV3_Milicevic_Istvanic\ISE\LV3_vhdl\generic_divider.vhd" into library work
Parsing entity <generic_divider>.
Parsing architecture <Behavioral> of entity <generic_divider>.
Parsing VHDL file "D:\DRS\LV3_Milicevic_Istvanic\ISE\LV3_vhdl\binary_counter.vhd" into library work
Parsing entity <binary_counter>.
Parsing architecture <Behavioral> of entity <binary_counter>.
Parsing VHDL file "D:\DRS\LV3_Milicevic_Istvanic\ISE\LV3_vhdl\sevenSegmentCNTRL.vhd" into library work
Parsing entity <sevenSegmentCNTRL>.
Parsing architecture <Behavioral> of entity <sevensegmentcntrl>.

=========================================================================
*                            HDL Elaboration                            *
=========================================================================

Elaborating entity <sevenSegmentCNTRL> (architecture <Behavioral>) from library <work>.

Elaborating entity <generic_divider> (architecture <Behavioral>) with generics from library <work>.

Elaborating entity <binary_counter> (architecture <Behavioral>) from library <work>.

Elaborating entity <mux> (architecture <Behavioral>) from library <work>.
WARNING:HDLCompiler:92 - "D:\DRS\LV3_Milicevic_Istvanic\ISE\LV3_vhdl\mux.vhd" Line 26: input should be on the sensitivity list of the process
WARNING:HDLCompiler:92 - "D:\DRS\LV3_Milicevic_Istvanic\ISE\LV3_vhdl\mux.vhd" Line 27: input should be on the sensitivity list of the process
WARNING:HDLCompiler:92 - "D:\DRS\LV3_Milicevic_Istvanic\ISE\LV3_vhdl\mux.vhd" Line 28: input should be on the sensitivity list of the process
WARNING:HDLCompiler:92 - "D:\DRS\LV3_Milicevic_Istvanic\ISE\LV3_vhdl\mux.vhd" Line 29: input should be on the sensitivity list of the process

Elaborating entity <hex_decoder> (architecture <Behavioral>) from library <work>.

=========================================================================
*                           HDL Synthesis                               *
=========================================================================

Synthesizing Unit <sevenSegmentCNTRL>.
    Related source file is "D:\DRS\LV3_Milicevic_Istvanic\ISE\LV3_vhdl\sevenSegmentCNTRL.vhd".
    Summary:
	no macro.
Unit <sevenSegmentCNTRL> synthesized.

Synthesizing Unit <generic_divider>.
    Related source file is "D:\DRS\LV3_Milicevic_Istvanic\ISE\LV3_vhdl\generic_divider.vhd".
        N = 125000
    Found 1-bit register for signal <clk_t>.
    Found 17-bit register for signal <temp>.
    Found 17-bit adder for signal <temp[16]_GND_4_o_add_0_OUT> created at line 25.
    Found 17-bit comparator greater for signal <n0001> created at line 26
    Summary:
	inferred   1 Adder/Subtractor(s).
	inferred  18 D-type flip-flop(s).
	inferred   1 Comparator(s).
Unit <generic_divider> synthesized.

Synthesizing Unit <binary_counter>.
    Related source file is "D:\DRS\LV3_Milicevic_Istvanic\ISE\LV3_vhdl\binary_counter.vhd".
    Found 2-bit register for signal <count_temp>.
    Found 2-bit adder for signal <count_temp[1]_GND_7_o_add_0_OUT> created at line 18.
    Summary:
	inferred   1 Adder/Subtractor(s).
	inferred   2 D-type flip-flop(s).
Unit <binary_counter> synthesized.

Synthesizing Unit <mux>.
    Related source file is "D:\DRS\LV3_Milicevic_Istvanic\ISE\LV3_vhdl\mux.vhd".
    Found 4-bit 4-to-1 multiplexer for signal <output> created at line 25.
    Summary:
	inferred   1 Multiplexer(s).
Unit <mux> synthesized.

Synthesizing Unit <hex_decoder>.
    Related source file is "D:\DRS\LV3_Milicevic_Istvanic\ISE\LV3_vhdl\hex_decoder.vhd".
    Found 16x8-bit Read Only RAM for signal <segment_out>
    Summary:
	inferred   1 RAM(s).
Unit <hex_decoder> synthesized.

=========================================================================
HDL Synthesis Report

Macro Statistics
# RAMs                                                 : 1
 16x8-bit single-port Read Only RAM                    : 1
# Adders/Subtractors                                   : 2
 17-bit adder                                          : 1
 2-bit adder                                           : 1
# Registers                                            : 3
 1-bit register                                        : 1
 17-bit register                                       : 1
 2-bit register                                        : 1
# Comparators                                          : 1
 17-bit comparator greater                             : 1
# Multiplexers                                         : 2
 4-bit 4-to-1 multiplexer                              : 2

=========================================================================

=========================================================================
*                       Advanced HDL Synthesis                          *
=========================================================================


Synthesizing (advanced) Unit <binary_counter>.
The following registers are absorbed into counter <count_temp>: 1 register on signal <count_temp>.
Unit <binary_counter> synthesized (advanced).

Synthesizing (advanced) Unit <generic_divider>.
The following registers are absorbed into counter <temp>: 1 register on signal <temp>.
Unit <generic_divider> synthesized (advanced).

Synthesizing (advanced) Unit <hex_decoder>.
INFO:Xst:3218 - HDL ADVISOR - The RAM <Mram_segment_out> will be implemented on LUTs either because you have described an asynchronous read or because of currently unsupported block RAM features. If you have described an asynchronous read, making it synchronous would allow you to take advantage of available block RAM resources, for optimized device usage and improved timings. Please refer to your documentation for coding guidelines.
    -----------------------------------------------------------------------
    | ram_type           | Distributed                         |          |
    -----------------------------------------------------------------------
    | Port A                                                              |
    |     aspect ratio   | 16-word x 8-bit                     |          |
    |     weA            | connected to signal <GND>           | high     |
    |     addrA          | connected to signal <number_in>     |          |
    |     diA            | connected to signal <GND>           |          |
    |     doA            | connected to signal <segment_out>   |          |
    -----------------------------------------------------------------------
Unit <hex_decoder> synthesized (advanced).

=========================================================================
Advanced HDL Synthesis Report

Macro Statistics
# RAMs                                                 : 1
 16x8-bit single-port distributed Read Only RAM        : 1
# Adders/Subtractors                                   : 1
 17-bit adder                                          : 1
# Counters                                             : 2
 17-bit up counter                                     : 1
 2-bit up counter                                      : 1
# Registers                                            : 1
 Flip-Flops                                            : 1
# Comparators                                          : 1
 17-bit comparator greater                             : 1
# Multiplexers                                         : 2
 4-bit 4-to-1 multiplexer                              : 2

=========================================================================

=========================================================================
*                         Low Level Synthesis                           *
=========================================================================

Optimizing unit <sevenSegmentCNTRL> ...

Mapping all equations...
Building and optimizing final netlist ...
Found area constraint ratio of 100 (+ 5) on block sevenSegmentCNTRL, actual ratio is 0.

Final Macro Processing ...

=========================================================================
Final Register Report

Macro Statistics
# Registers                                            : 20
 Flip-Flops                                            : 20

=========================================================================

=========================================================================
*                           Partition Report                            *
=========================================================================

Partition Implementation Status
-------------------------------

  No Partitions were found in this design.

-------------------------------

=========================================================================
*                            Design Summary                             *
=========================================================================

Top Level Output File Name         : sevenSegmentCNTRL.ngc

Primitive and Black Box Usage:
------------------------------
# BELS                             : 141
#      GND                         : 1
#      INV                         : 3
#      LUT1                        : 32
#      LUT2                        : 23
#      LUT3                        : 1
#      LUT4                        : 12
#      LUT5                        : 2
#      LUT6                        : 3
#      MUXCY                       : 32
#      VCC                         : 1
#      XORCY                       : 31
# FlipFlops/Latches                : 20
#      FD                          : 19
#      FDE                         : 1
# Clock Buffers                    : 1
#      BUFGP                       : 1
# IO Buffers                       : 20
#      IBUF                        : 8
#      OBUF                        : 12

Device utilization summary:
---------------------------

Selected Device : 6slx16csg324-3 


Slice Logic Utilization: 
 Number of Slice Registers:              20  out of  18224     0%  
 Number of Slice LUTs:                   76  out of   9112     0%  
    Number used as Logic:                76  out of   9112     0%  

Slice Logic Distribution: 
 Number of LUT Flip Flop pairs used:     76
   Number with an unused Flip Flop:      56  out of     76    73%  
   Number with an unused LUT:             0  out of     76     0%  
   Number of fully used LUT-FF pairs:    20  out of     76    26%  
   Number of unique control sets:         3

IO Utilization: 
 Number of IOs:                          21
 Number of bonded IOBs:                  21  out of    232     9%  

Specific Feature Utilization:
 Number of BUFG/BUFGCTRLs:                1  out of     16     6%  

---------------------------
Partition Resource Summary:
---------------------------

  No Partitions were found in this design.

---------------------------


=========================================================================
Timing Report

NOTE: THESE TIMING NUMBERS ARE ONLY A SYNTHESIS ESTIMATE.
      FOR ACCURATE TIMING INFORMATION PLEASE REFER TO THE TRACE REPORT
      GENERATED AFTER PLACE-and-ROUTE.

Clock Information:
------------------
-----------------------------------+-------------------------------+-------+
Clock Signal                       | Clock buffer(FF name)         | Load  |
-----------------------------------+-------------------------------+-------+
clk                                | BUFGP                         | 18    |
clk_divider/clk_t                  | NONE(bin_counter/count_temp_0)| 2     |
-----------------------------------+-------------------------------+-------+
INFO:Xst:2169 - HDL ADVISOR - Some clock signals were not automatically buffered by XST with BUFG/BUFR resources. Please use the buffer_type constraint in order to insert these buffers to the clock signals to help prevent skew problems.

Asynchronous Control Signals Information:
----------------------------------------
No asynchronous control signals found in this design

Timing Summary:
---------------
Speed Grade: -3

   Minimum period: 5.191ns (Maximum Frequency: 192.636MHz)
   Minimum input arrival time before clock: No path found
   Maximum output required time after clock: 6.127ns
   Maximum combinational path delay: 6.608ns

Timing Details:
---------------
All values displayed in nanoseconds (ns)

=========================================================================
Timing constraint: Default period analysis for Clock 'clk'
  Clock period: 5.191ns (frequency: 192.636MHz)
  Total number of paths / destination ports: 3463 / 19
-------------------------------------------------------------------------
Delay:               5.191ns (Levels of Logic = 8)
  Source:            clk_divider/temp_0 (FF)
  Destination:       clk_divider/temp_0 (FF)
  Source Clock:      clk rising
  Destination Clock: clk rising

  Data Path: clk_divider/temp_0 to clk_divider/temp_0
                                Gate     Net
    Cell:in->out      fanout   Delay   Delay  Logical Name (Net Name)
    ----------------------------------------  ------------
     FD:C->Q               2   0.447   0.616  clk_divider/temp_0 (clk_divider/temp_0)
     INV:I->O              1   0.206   0.000  clk_divider/Madd_temp[16]_GND_4_o_add_0_OUT_lut<0>_INV_0 (clk_divider/Madd_temp[16]_GND_4_o_add_0_OUT_lut<0>)
     MUXCY:S->O            1   0.172   0.000  clk_divider/Madd_temp[16]_GND_4_o_add_0_OUT_cy<0> (clk_divider/Madd_temp[16]_GND_4_o_add_0_OUT_cy<0>)
     MUXCY:CI->O           1   0.019   0.000  clk_divider/Madd_temp[16]_GND_4_o_add_0_OUT_cy<1> (clk_divider/Madd_temp[16]_GND_4_o_add_0_OUT_cy<1>)
     MUXCY:CI->O           1   0.019   0.000  clk_divider/Madd_temp[16]_GND_4_o_add_0_OUT_cy<2> (clk_divider/Madd_temp[16]_GND_4_o_add_0_OUT_cy<2>)
     XORCY:CI->O           2   0.180   0.981  clk_divider/Madd_temp[16]_GND_4_o_add_0_OUT_xor<3> (clk_divider/temp[16]_GND_4_o_add_0_OUT<3>)
     LUT6:I0->O            1   0.203   0.808  clk_divider/n0001_inv2 (clk_divider/n0001_inv2)
     LUT6:I3->O           17   0.205   1.028  clk_divider/n0001_inv3 (clk_divider/n0001_inv)
     LUT2:I1->O            1   0.205   0.000  clk_divider/temp_0_rstpot (clk_divider/temp_0_rstpot)
     FD:D                      0.102          clk_divider/temp_0
    ----------------------------------------
    Total                      5.191ns (1.758ns logic, 3.433ns route)
                                       (33.9% logic, 66.1% route)

=========================================================================
Timing constraint: Default period analysis for Clock 'clk_divider/clk_t'
  Clock period: 2.190ns (frequency: 456.663MHz)
  Total number of paths / destination ports: 3 / 2
-------------------------------------------------------------------------
Delay:               2.190ns (Levels of Logic = 1)
  Source:            bin_counter/count_temp_0 (FF)
  Destination:       bin_counter/count_temp_0 (FF)
  Source Clock:      clk_divider/clk_t rising
  Destination Clock: clk_divider/clk_t rising

  Data Path: bin_counter/count_temp_0 to bin_counter/count_temp_0
                                Gate     Net
    Cell:in->out      fanout   Delay   Delay  Logical Name (Net Name)
    ----------------------------------------  ------------
     FD:C->Q              10   0.447   0.856  bin_counter/count_temp_0 (bin_counter/count_temp_0)
     INV:I->O              1   0.206   0.579  bin_counter/Mcount_count_temp_xor<0>11_INV_0 (Result<0>)
     FD:D                      0.102          bin_counter/count_temp_0
    ----------------------------------------
    Total                      2.190ns (0.755ns logic, 1.435ns route)
                                       (34.5% logic, 65.5% route)

=========================================================================
Timing constraint: Default OFFSET OUT AFTER for Clock 'clk_divider/clk_t'
  Total number of paths / destination ports: 64 / 11
-------------------------------------------------------------------------
Offset:              6.127ns (Levels of Logic = 3)
  Source:            bin_counter/count_temp_0 (FF)
  Destination:       segment<7> (PAD)
  Source Clock:      clk_divider/clk_t rising

  Data Path: bin_counter/count_temp_0 to segment<7>
                                Gate     Net
    Cell:in->out      fanout   Delay   Delay  Logical Name (Net Name)
    ----------------------------------------  ------------
     FD:C->Q              10   0.447   1.104  bin_counter/count_temp_0 (bin_counter/count_temp_0)
     LUT4:I0->O            7   0.203   1.021  mux1/Mmux_output41 (current_number<3>)
     LUT4:I0->O            1   0.203   0.579  decoder/Mram_segment_out21 (segment_2_OBUF)
     OBUF:I->O                 2.571          segment_2_OBUF (segment<2>)
    ----------------------------------------
    Total                      6.127ns (3.424ns logic, 2.703ns route)
                                       (55.9% logic, 44.1% route)

=========================================================================
Timing constraint: Default path analysis
  Total number of paths / destination ports: 56 / 7
-------------------------------------------------------------------------
Delay:               6.608ns (Levels of Logic = 4)
  Source:            input<0> (PAD)
  Destination:       segment<7> (PAD)

  Data Path: input<0> to segment<7>
                                Gate     Net
    Cell:in->out      fanout   Delay   Delay  Logical Name (Net Name)
    ----------------------------------------  ------------
     IBUF:I->O             1   1.222   0.808  input_0_IBUF (input_0_IBUF)
     LUT4:I1->O            7   0.205   1.021  mux1/Mmux_output11 (current_number<0>)
     LUT4:I0->O            1   0.203   0.579  decoder/Mram_segment_out31 (segment_3_OBUF)
     OBUF:I->O                 2.571          segment_3_OBUF (segment<3>)
    ----------------------------------------
    Total                      6.608ns (4.201ns logic, 2.407ns route)
                                       (63.6% logic, 36.4% route)

=========================================================================

Cross Clock Domains Report:
--------------------------

Clock to Setup on destination clock clk
---------------+---------+---------+---------+---------+
               | Src:Rise| Src:Fall| Src:Rise| Src:Fall|
Source Clock   |Dest:Rise|Dest:Rise|Dest:Fall|Dest:Fall|
---------------+---------+---------+---------+---------+
clk            |    5.191|         |         |         |
---------------+---------+---------+---------+---------+

Clock to Setup on destination clock clk_divider/clk_t
-----------------+---------+---------+---------+---------+
                 | Src:Rise| Src:Fall| Src:Rise| Src:Fall|
Source Clock     |Dest:Rise|Dest:Rise|Dest:Fall|Dest:Fall|
-----------------+---------+---------+---------+---------+
clk_divider/clk_t|    2.190|         |         |         |
-----------------+---------+---------+---------+---------+

=========================================================================


Total REAL time to Xst completion: 3.00 secs
Total CPU time to Xst completion: 3.10 secs
 
--> 

Total memory usage is 227040 kilobytes

Number of errors   :    0 (   0 filtered)
Number of warnings :    4 (   0 filtered)
Number of infos    :    2 (   0 filtered)

