--------------------------------------------------------------------------------
Release 14.7 Trace  (nt)
Copyright (c) 1995-2013 Xilinx, Inc.  All rights reserved.

C:\Xilinx\14.7\ISE_DS\ISE\bin\nt\unwrapped\trce.exe -intstyle ise -v 3 -s 3 -n
3 -fastpaths -xml sevenSegmentCNTRL.twx sevenSegmentCNTRL.ncd -o
sevenSegmentCNTRL.twr sevenSegmentCNTRL.pcf -ucf sevenSegmentCNTRL.ucf

Design file:              sevenSegmentCNTRL.ncd
Physical constraint file: sevenSegmentCNTRL.pcf
Device,package,speed:     xc6slx16,csg324,C,-3 (PRODUCTION 1.23 2013-10-13)
Report level:             verbose report

Environment Variable      Effect 
--------------------      ------ 
NONE                      No environment variables were set
--------------------------------------------------------------------------------

INFO:Timing:2698 - No timing constraints found, doing default enumeration.
INFO:Timing:3412 - To improve timing, see the Timing Closure User Guide (UG612).
INFO:Timing:2752 - To get complete path coverage, use the unconstrained paths 
   option. All paths that are not constrained will be reported in the 
   unconstrained paths section(s) of the report.
INFO:Timing:3339 - The clock-to-out numbers in this timing report are based on 
   a 50 Ohm transmission line loading model.  For the details of this model, 
   and for more information on accounting for different loading conditions, 
   please see the device datasheet.



Data Sheet report:
-----------------
All values displayed in nanoseconds (ns)

Clock to Setup on destination clock clk
---------------+---------+---------+---------+---------+
               | Src:Rise| Src:Fall| Src:Rise| Src:Fall|
Source Clock   |Dest:Rise|Dest:Rise|Dest:Fall|Dest:Fall|
---------------+---------+---------+---------+---------+
clk            |    4.473|         |         |         |
---------------+---------+---------+---------+---------+

Pad to Pad
---------------+---------------+---------+
Source Pad     |Destination Pad|  Delay  |
---------------+---------------+---------+
input<0>       |segment<1>     |    8.025|
input<0>       |segment<2>     |    8.241|
input<0>       |segment<3>     |    8.253|
input<0>       |segment<4>     |    8.046|
input<0>       |segment<5>     |    8.351|
input<0>       |segment<6>     |    8.174|
input<0>       |segment<7>     |    8.351|
input<1>       |segment<1>     |    8.055|
input<1>       |segment<2>     |    8.462|
input<1>       |segment<3>     |    8.283|
input<1>       |segment<4>     |    8.109|
input<1>       |segment<5>     |    8.572|
input<1>       |segment<6>     |    8.218|
input<1>       |segment<7>     |    8.414|
input<2>       |segment<1>     |    7.911|
input<2>       |segment<2>     |    7.717|
input<2>       |segment<3>     |    8.139|
input<2>       |segment<4>     |    7.797|
input<2>       |segment<5>     |    7.827|
input<2>       |segment<6>     |    7.965|
input<2>       |segment<7>     |    8.102|
input<3>       |segment<1>     |    7.995|
input<3>       |segment<2>     |    8.189|
input<3>       |segment<3>     |    8.223|
input<3>       |segment<4>     |    8.002|
input<3>       |segment<5>     |    8.299|
input<3>       |segment<6>     |    8.007|
input<3>       |segment<7>     |    8.307|
input<4>       |segment<1>     |    8.244|
input<4>       |segment<2>     |    8.460|
input<4>       |segment<3>     |    8.472|
input<4>       |segment<4>     |    8.265|
input<4>       |segment<5>     |    8.570|
input<4>       |segment<6>     |    8.393|
input<4>       |segment<7>     |    8.570|
input<5>       |segment<1>     |    8.063|
input<5>       |segment<2>     |    8.470|
input<5>       |segment<3>     |    8.291|
input<5>       |segment<4>     |    8.117|
input<5>       |segment<5>     |    8.580|
input<5>       |segment<6>     |    8.226|
input<5>       |segment<7>     |    8.422|
input<6>       |segment<1>     |    8.165|
input<6>       |segment<2>     |    7.971|
input<6>       |segment<3>     |    8.393|
input<6>       |segment<4>     |    8.051|
input<6>       |segment<5>     |    8.081|
input<6>       |segment<6>     |    8.219|
input<6>       |segment<7>     |    8.356|
input<7>       |segment<1>     |    8.767|
input<7>       |segment<2>     |    8.961|
input<7>       |segment<3>     |    8.995|
input<7>       |segment<4>     |    8.774|
input<7>       |segment<5>     |    9.071|
input<7>       |segment<6>     |    8.779|
input<7>       |segment<7>     |    9.079|
---------------+---------------+---------+


Analysis completed Thu Nov 16 09:34:24 2023 
--------------------------------------------------------------------------------

Trace Settings:
-------------------------
Trace Settings 

Peak Memory Usage: 173 MB



