Release 14.7 - xst P.20131013 (nt64)
Copyright (c) 1995-2013 Xilinx, Inc.  All rights reserved.
--> Parameter TMPDIR set to xst/projnav.tmp


Total REAL time to Xst completion: 0.00 secs
Total CPU time to Xst completion: 0.11 secs
 
--> Parameter xsthdpdir set to xst


Total REAL time to Xst completion: 0.00 secs
Total CPU time to Xst completion: 0.11 secs
 
--> Reading design: traffic_light_CNTRL.prj

TABLE OF CONTENTS
  1) Synthesis Options Summary
  2) HDL Parsing
  3) HDL Elaboration
  4) HDL Synthesis
       4.1) HDL Synthesis Report
  5) Advanced HDL Synthesis
       5.1) Advanced HDL Synthesis Report
  6) Low Level Synthesis
  7) Partition Report
  8) Design Summary
       8.1) Primitive and Black Box Usage
       8.2) Device utilization summary
       8.3) Partition Resource Summary
       8.4) Timing Report
            8.4.1) Clock Information
            8.4.2) Asynchronous Control Signals Information
            8.4.3) Timing Summary
            8.4.4) Timing Details
            8.4.5) Cross Clock Domains Report


=========================================================================
*                      Synthesis Options Summary                        *
=========================================================================
---- Source Parameters
Input File Name                    : "traffic_light_CNTRL.prj"
Ignore Synthesis Constraint File   : NO

---- Target Parameters
Output File Name                   : "traffic_light_CNTRL"
Output Format                      : NGC
Target Device                      : xc6slx16-3-csg324

---- Source Options
Top Module Name                    : traffic_light_CNTRL
Automatic FSM Extraction           : YES
FSM Encoding Algorithm             : Auto
Safe Implementation                : No
FSM Style                          : LUT
RAM Extraction                     : Yes
RAM Style                          : Auto
ROM Extraction                     : Yes
Shift Register Extraction          : YES
ROM Style                          : Auto
Resource Sharing                   : YES
Asynchronous To Synchronous        : NO
Shift Register Minimum Size        : 2
Use DSP Block                      : Auto
Automatic Register Balancing       : No

---- Target Options
LUT Combining                      : Auto
Reduce Control Sets                : Auto
Add IO Buffers                     : YES
Global Maximum Fanout              : 100000
Add Generic Clock Buffer(BUFG)     : 16
Register Duplication               : YES
Optimize Instantiated Primitives   : NO
Use Clock Enable                   : Auto
Use Synchronous Set                : Auto
Use Synchronous Reset              : Auto
Pack IO Registers into IOBs        : Auto
Equivalent register Removal        : YES

---- General Options
Optimization Goal                  : Speed
Optimization Effort                : 1
Power Reduction                    : NO
Keep Hierarchy                     : No
Netlist Hierarchy                  : As_Optimized
RTL Output                         : Yes
Global Optimization                : AllClockNets
Read Cores                         : YES
Write Timing Constraints           : NO
Cross Clock Analysis               : NO
Hierarchy Separator                : /
Bus Delimiter                      : <>
Case Specifier                     : Maintain
Slice Utilization Ratio            : 100
BRAM Utilization Ratio             : 100
DSP48 Utilization Ratio            : 100
Auto BRAM Packing                  : NO
Slice Utilization Ratio Delta      : 5

=========================================================================


=========================================================================
*                          HDL Parsing                                  *
=========================================================================
Parsing VHDL file "D:\DRS\LV3_Milicevic_Istvanic\ISE\LV3_vhdl\generic_divider.vhd" into library work
Parsing entity <generic_divider>.
Parsing architecture <Behavioral> of entity <generic_divider>.
Parsing VHDL file "D:\DRS\LV3_Milicevic_Istvanic\ISE\LV3_vhdl\traffic_light_CNTRL.vhd" into library work
Parsing entity <traffic_light_CNTRL>.
Parsing architecture <Behavioral> of entity <traffic_light_cntrl>.

=========================================================================
*                            HDL Elaboration                            *
=========================================================================

Elaborating entity <traffic_light_CNTRL> (architecture <Behavioral>) from library <work>.

Elaborating entity <generic_divider> (architecture <Behavioral>) with generics from library <work>.

=========================================================================
*                           HDL Synthesis                               *
=========================================================================

Synthesizing Unit <traffic_light_CNTRL>.
    Related source file is "D:\DRS\LV3_Milicevic_Istvanic\ISE\LV3_vhdl\traffic_light_CNTRL.vhd".
    Found 2-bit register for signal <current_state>.
    Found 3-bit register for signal <counter>.
    Found finite state machine <FSM_0> for signal <current_state>.
    -----------------------------------------------------------------------
    | States             | 4                                              |
    | Transitions        | 8                                              |
    | Inputs             | 1                                              |
    | Outputs            | 11                                             |
    | Clock              | clk_div (rising_edge)                          |
    | Power Up State     | r                                              |
    | Encoding           | auto                                           |
    | Implementation     | LUT                                            |
    -----------------------------------------------------------------------
    Found 3-bit adder for signal <counter[2]_GND_3_o_add_1_OUT> created at line 44.
    Found 3-bit comparator equal for signal <time_temp[2]_counter[2]_equal_3_o> created at line 46
    Summary:
	inferred   1 Adder/Subtractor(s).
	inferred   3 D-type flip-flop(s).
	inferred   1 Comparator(s).
	inferred   1 Finite State Machine(s).
Unit <traffic_light_CNTRL> synthesized.

Synthesizing Unit <generic_divider>.
    Related source file is "D:\DRS\LV3_Milicevic_Istvanic\ISE\LV3_vhdl\generic_divider.vhd".
        N = 50000000
    Found 1-bit register for signal <clk_t>.
    Found 26-bit register for signal <temp>.
    Found 26-bit adder for signal <temp[25]_GND_4_o_add_0_OUT> created at line 25.
    Found 26-bit comparator greater for signal <n0001> created at line 26
    Summary:
	inferred   1 Adder/Subtractor(s).
	inferred  27 D-type flip-flop(s).
	inferred   1 Comparator(s).
Unit <generic_divider> synthesized.

=========================================================================
HDL Synthesis Report

Macro Statistics
# Adders/Subtractors                                   : 2
 26-bit adder                                          : 1
 3-bit adder                                           : 1
# Registers                                            : 3
 1-bit register                                        : 1
 26-bit register                                       : 1
 3-bit register                                        : 1
# Comparators                                          : 2
 26-bit comparator greater                             : 1
 3-bit comparator equal                                : 1
# FSMs                                                 : 1

=========================================================================

=========================================================================
*                       Advanced HDL Synthesis                          *
=========================================================================


Synthesizing (advanced) Unit <generic_divider>.
The following registers are absorbed into counter <temp>: 1 register on signal <temp>.
Unit <generic_divider> synthesized (advanced).

Synthesizing (advanced) Unit <traffic_light_CNTRL>.
The following registers are absorbed into counter <counter>: 1 register on signal <counter>.
Unit <traffic_light_CNTRL> synthesized (advanced).

=========================================================================
Advanced HDL Synthesis Report

Macro Statistics
# Adders/Subtractors                                   : 2
 26-bit adder                                          : 1
 3-bit adder                                           : 1
# Counters                                             : 2
 26-bit up counter                                     : 1
 3-bit up counter                                      : 1
# Registers                                            : 1
 Flip-Flops                                            : 1
# Comparators                                          : 2
 26-bit comparator greater                             : 1
 3-bit comparator equal                                : 1
# FSMs                                                 : 1

=========================================================================

=========================================================================
*                         Low Level Synthesis                           *
=========================================================================
Analyzing FSM <MFsm> for best encoding.
Optimizing FSM <FSM_0> on signal <current_state[1:2]> with user encoding.
-------------------
 State | Encoding
-------------------
 r     | 00
 ry    | 01
 g     | 10
 y     | 11
-------------------

Optimizing unit <traffic_light_CNTRL> ...

Mapping all equations...
Building and optimizing final netlist ...
Found area constraint ratio of 100 (+ 5) on block traffic_light_CNTRL, actual ratio is 0.

Final Macro Processing ...

=========================================================================
Final Register Report

Macro Statistics
# Registers                                            : 32
 Flip-Flops                                            : 32

=========================================================================

=========================================================================
*                           Partition Report                            *
=========================================================================

Partition Implementation Status
-------------------------------

  No Partitions were found in this design.

-------------------------------

=========================================================================
*                            Design Summary                             *
=========================================================================

Top Level Output File Name         : traffic_light_CNTRL.ngc

Primitive and Black Box Usage:
------------------------------
# BELS                             : 193
#      GND                         : 1
#      INV                         : 4
#      LUT1                        : 50
#      LUT2                        : 28
#      LUT3                        : 2
#      LUT5                        : 6
#      LUT6                        : 5
#      MUXCY                       : 50
#      MUXF7                       : 1
#      VCC                         : 1
#      XORCY                       : 45
# FlipFlops/Latches                : 32
#      FD                          : 28
#      FDE                         : 1
#      FDR                         : 3
# Clock Buffers                    : 1
#      BUFGP                       : 1
# IO Buffers                       : 12
#      OBUF                        : 12

Device utilization summary:
---------------------------

Selected Device : 6slx16csg324-3 


Slice Logic Utilization: 
 Number of Slice Registers:              32  out of  18224     0%  
 Number of Slice LUTs:                   95  out of   9112     1%  
    Number used as Logic:                95  out of   9112     1%  

Slice Logic Distribution: 
 Number of LUT Flip Flop pairs used:     95
   Number with an unused Flip Flop:      63  out of     95    66%  
   Number with an unused LUT:             0  out of     95     0%  
   Number of fully used LUT-FF pairs:    32  out of     95    33%  
   Number of unique control sets:         4

IO Utilization: 
 Number of IOs:                          13
 Number of bonded IOBs:                  13  out of    232     5%  

Specific Feature Utilization:
 Number of BUFG/BUFGCTRLs:                1  out of     16     6%  

---------------------------
Partition Resource Summary:
---------------------------

  No Partitions were found in this design.

---------------------------


=========================================================================
Timing Report

NOTE: THESE TIMING NUMBERS ARE ONLY A SYNTHESIS ESTIMATE.
      FOR ACCURATE TIMING INFORMATION PLEASE REFER TO THE TRACE REPORT
      GENERATED AFTER PLACE-and-ROUTE.

Clock Information:
------------------
-----------------------------------+-----------------------------+-------+
Clock Signal                       | Clock buffer(FF name)       | Load  |
-----------------------------------+-----------------------------+-------+
clk                                | BUFGP                       | 27    |
divider_1Hz/clk_t                  | NONE(current_state_FSM_FFd2)| 5     |
-----------------------------------+-----------------------------+-------+
INFO:Xst:2169 - HDL ADVISOR - Some clock signals were not automatically buffered by XST with BUFG/BUFR resources. Please use the buffer_type constraint in order to insert these buffers to the clock signals to help prevent skew problems.

Asynchronous Control Signals Information:
----------------------------------------
No asynchronous control signals found in this design

Timing Summary:
---------------
Speed Grade: -3

   Minimum period: 5.325ns (Maximum Frequency: 187.799MHz)
   Minimum input arrival time before clock: No path found
   Maximum output required time after clock: 4.619ns
   Maximum combinational path delay: No path found

Timing Details:
---------------
All values displayed in nanoseconds (ns)

=========================================================================
Timing constraint: Default period analysis for Clock 'clk'
  Clock period: 5.325ns (frequency: 187.799MHz)
  Total number of paths / destination ports: 10477 / 28
-------------------------------------------------------------------------
Delay:               5.325ns (Levels of Logic = 22)
  Source:            divider_1Hz/temp_0 (FF)
  Destination:       divider_1Hz/temp_0 (FF)
  Source Clock:      clk rising
  Destination Clock: clk rising

  Data Path: divider_1Hz/temp_0 to divider_1Hz/temp_0
                                Gate     Net
    Cell:in->out      fanout   Delay   Delay  Logical Name (Net Name)
    ----------------------------------------  ------------
     FD:C->Q               2   0.447   0.616  divider_1Hz/temp_0 (divider_1Hz/temp_0)
     INV:I->O              1   0.206   0.000  divider_1Hz/Madd_temp[25]_GND_4_o_add_0_OUT_lut<0>_INV_0 (divider_1Hz/Madd_temp[25]_GND_4_o_add_0_OUT_lut<0>)
     MUXCY:S->O            1   0.172   0.000  divider_1Hz/Madd_temp[25]_GND_4_o_add_0_OUT_cy<0> (divider_1Hz/Madd_temp[25]_GND_4_o_add_0_OUT_cy<0>)
     MUXCY:CI->O           1   0.019   0.000  divider_1Hz/Madd_temp[25]_GND_4_o_add_0_OUT_cy<1> (divider_1Hz/Madd_temp[25]_GND_4_o_add_0_OUT_cy<1>)
     MUXCY:CI->O           1   0.019   0.000  divider_1Hz/Madd_temp[25]_GND_4_o_add_0_OUT_cy<2> (divider_1Hz/Madd_temp[25]_GND_4_o_add_0_OUT_cy<2>)
     MUXCY:CI->O           1   0.019   0.000  divider_1Hz/Madd_temp[25]_GND_4_o_add_0_OUT_cy<3> (divider_1Hz/Madd_temp[25]_GND_4_o_add_0_OUT_cy<3>)
     MUXCY:CI->O           1   0.019   0.000  divider_1Hz/Madd_temp[25]_GND_4_o_add_0_OUT_cy<4> (divider_1Hz/Madd_temp[25]_GND_4_o_add_0_OUT_cy<4>)
     MUXCY:CI->O           1   0.019   0.000  divider_1Hz/Madd_temp[25]_GND_4_o_add_0_OUT_cy<5> (divider_1Hz/Madd_temp[25]_GND_4_o_add_0_OUT_cy<5>)
     MUXCY:CI->O           1   0.019   0.000  divider_1Hz/Madd_temp[25]_GND_4_o_add_0_OUT_cy<6> (divider_1Hz/Madd_temp[25]_GND_4_o_add_0_OUT_cy<6>)
     MUXCY:CI->O           1   0.019   0.000  divider_1Hz/Madd_temp[25]_GND_4_o_add_0_OUT_cy<7> (divider_1Hz/Madd_temp[25]_GND_4_o_add_0_OUT_cy<7>)
     MUXCY:CI->O           1   0.019   0.000  divider_1Hz/Madd_temp[25]_GND_4_o_add_0_OUT_cy<8> (divider_1Hz/Madd_temp[25]_GND_4_o_add_0_OUT_cy<8>)
     MUXCY:CI->O           1   0.019   0.000  divider_1Hz/Madd_temp[25]_GND_4_o_add_0_OUT_cy<9> (divider_1Hz/Madd_temp[25]_GND_4_o_add_0_OUT_cy<9>)
     MUXCY:CI->O           1   0.019   0.000  divider_1Hz/Madd_temp[25]_GND_4_o_add_0_OUT_cy<10> (divider_1Hz/Madd_temp[25]_GND_4_o_add_0_OUT_cy<10>)
     MUXCY:CI->O           1   0.019   0.000  divider_1Hz/Madd_temp[25]_GND_4_o_add_0_OUT_cy<11> (divider_1Hz/Madd_temp[25]_GND_4_o_add_0_OUT_cy<11>)
     MUXCY:CI->O           1   0.019   0.000  divider_1Hz/Madd_temp[25]_GND_4_o_add_0_OUT_cy<12> (divider_1Hz/Madd_temp[25]_GND_4_o_add_0_OUT_cy<12>)
     MUXCY:CI->O           1   0.019   0.000  divider_1Hz/Madd_temp[25]_GND_4_o_add_0_OUT_cy<13> (divider_1Hz/Madd_temp[25]_GND_4_o_add_0_OUT_cy<13>)
     MUXCY:CI->O           1   0.019   0.000  divider_1Hz/Madd_temp[25]_GND_4_o_add_0_OUT_cy<14> (divider_1Hz/Madd_temp[25]_GND_4_o_add_0_OUT_cy<14>)
     MUXCY:CI->O           1   0.019   0.000  divider_1Hz/Madd_temp[25]_GND_4_o_add_0_OUT_cy<15> (divider_1Hz/Madd_temp[25]_GND_4_o_add_0_OUT_cy<15>)
     MUXCY:CI->O           1   0.019   0.000  divider_1Hz/Madd_temp[25]_GND_4_o_add_0_OUT_cy<16> (divider_1Hz/Madd_temp[25]_GND_4_o_add_0_OUT_cy<16>)
     XORCY:CI->O           3   0.180   0.879  divider_1Hz/Madd_temp[25]_GND_4_o_add_0_OUT_xor<17> (divider_1Hz/temp[25]_GND_4_o_add_0_OUT<17>)
     LUT3:I0->O            2   0.205   0.845  divider_1Hz/n0001_inv3_SW0 (N6)
     LUT6:I3->O           14   0.205   0.958  divider_1Hz/n0001_inv4 (divider_1Hz/n0001_inv)
     LUT2:I1->O            1   0.205   0.000  divider_1Hz/temp_0_rstpot (divider_1Hz/temp_0_rstpot)
     FD:D                      0.102          divider_1Hz/temp_0
    ----------------------------------------
    Total                      5.325ns (2.026ns logic, 3.299ns route)
                                       (38.0% logic, 62.0% route)

=========================================================================
Timing constraint: Default period analysis for Clock 'divider_1Hz/clk_t'
  Clock period: 2.789ns (frequency: 358.519MHz)
  Total number of paths / destination ports: 31 / 8
-------------------------------------------------------------------------
Delay:               2.789ns (Levels of Logic = 1)
  Source:            counter_1 (FF)
  Destination:       counter_0 (FF)
  Source Clock:      divider_1Hz/clk_t rising
  Destination Clock: divider_1Hz/clk_t rising

  Data Path: counter_1 to counter_0
                                Gate     Net
    Cell:in->out      fanout   Delay   Delay  Logical Name (Net Name)
    ----------------------------------------  ------------
     FDR:C->Q              5   0.447   1.059  counter_1 (counter_1)
     LUT5:I0->O            3   0.203   0.650  time_temp[2]_counter[2]_equal_3_o31 (time_temp[2]_counter[2]_equal_3_o)
     FDR:R                     0.430          counter_0
    ----------------------------------------
    Total                      2.789ns (1.080ns logic, 1.709ns route)
                                       (38.7% logic, 61.3% route)

=========================================================================
Timing constraint: Default OFFSET OUT AFTER for Clock 'divider_1Hz/clk_t'
  Total number of paths / destination ports: 4 / 3
-------------------------------------------------------------------------
Offset:              4.619ns (Levels of Logic = 2)
  Source:            current_state_FSM_FFd1 (FF)
  Destination:       segment<4> (PAD)
  Source Clock:      divider_1Hz/clk_t rising

  Data Path: current_state_FSM_FFd1 to segment<4>
                                Gate     Net
    Cell:in->out      fanout   Delay   Delay  Logical Name (Net Name)
    ----------------------------------------  ------------
     FD:C->Q               5   0.447   0.819  current_state_FSM_FFd1 (current_state_FSM_FFd1)
     LUT2:I0->O            1   0.203   0.579  current_state__n0028<4>1 (segment_4_OBUF)
     OBUF:I->O                 2.571          segment_4_OBUF (segment<4>)
    ----------------------------------------
    Total                      4.619ns (3.221ns logic, 1.398ns route)
                                       (69.7% logic, 30.3% route)

=========================================================================

Cross Clock Domains Report:
--------------------------

Clock to Setup on destination clock clk
---------------+---------+---------+---------+---------+
               | Src:Rise| Src:Fall| Src:Rise| Src:Fall|
Source Clock   |Dest:Rise|Dest:Rise|Dest:Fall|Dest:Fall|
---------------+---------+---------+---------+---------+
clk            |    5.325|         |         |         |
---------------+---------+---------+---------+---------+

Clock to Setup on destination clock divider_1Hz/clk_t
-----------------+---------+---------+---------+---------+
                 | Src:Rise| Src:Fall| Src:Rise| Src:Fall|
Source Clock     |Dest:Rise|Dest:Rise|Dest:Fall|Dest:Fall|
-----------------+---------+---------+---------+---------+
divider_1Hz/clk_t|    2.789|         |         |         |
-----------------+---------+---------+---------+---------+

=========================================================================


Total REAL time to Xst completion: 4.00 secs
Total CPU time to Xst completion: 4.48 secs
 
--> 

Total memory usage is 4486436 kilobytes

Number of errors   :    0 (   0 filtered)
Number of warnings :    0 (   0 filtered)
Number of infos    :    1 (   0 filtered)

