09:51:58 **** Auto Build of configuration Debug for project lv4_timer_source ****
make all 
'Building file: ../src/main2.c'
'Invoking: MicroBlaze gcc compiler'
mb-gcc -Wall -O0 -g3 -c -fmessage-length=0 -I../../lv4_timer_source_bsp/microblaze_0/include -mxl-barrel-shift -mxl-pattern-compare -mcpu=v8.50.c -mno-xl-soft-mul -Wl,--no-relax -ffunction-sections -fdata-sections -MMD -MP -MF"src/main2.d" -MT"src/main2.d" -o "src/main2.o" "../src/main2.c"
'Finished building: ../src/main2.c'
' '
'Building target: lv4_timer_source.elf'
'Invoking: MicroBlaze gcc linker'
mb-gcc -Wl,-T -Wl,../src/lscript.ld -L../../lv4_timer_source_bsp/microblaze_0/lib -mxl-barrel-shift -mxl-pattern-compare -mcpu=v8.50.c -mno-xl-soft-mul -Wl,--no-relax -Wl,--gc-sections -o "lv4_timer_source.elf"  ./src/main2.o ./src/platform.o   -Wl,--start-group,-lxil,-lgcc,-lc,--end-group
'Finished building target: lv4_timer_source.elf'
' '
'Invoking: MicroBlaze Print Size'
mb-size lv4_timer_source.elf  |tee "lv4_timer_source.elf.size"
   text	   data	    bss	    dec	    hex	filename
   8662	    372	   2268	  11302	   2c26	lv4_timer_source.elf
'Finished building: lv4_timer_source.elf.size'
' '
'Invoking: Xilinx ELF Check'
elfcheck lv4_timer_source.elf -hw ../../EDK_hw_platform/system.xml -pe microblaze_0  |tee "lv4_timer_source.elf.elfcheck"
elfcheck
Xilinx EDK 14.7 Build EDK_P.20131013
Copyright (c) 1995-2012 Xilinx, Inc.  All rights reserved.

Command Line: elfcheck -hw ../../EDK_hw_platform/system.xml -pe microblaze_0
lv4_timer_source.elf 

ELF file	: lv4_timer_source.elf
elfcheck passed.
'Finished building: lv4_timer_source.elf.elfcheck'
' '

09:52:00 Build Finished (took 1s.677ms)

