#-----------------------------------------------------------
# PlanAhead v14.7
# Build 321239 by xbuild on Fri Sep 27 19:31:35 MDT 2013
# Start of session at: Thu Nov 16 09:25:43 2023
# Process ID: 6080
# Log file: D:/DRS/LV3_Milicevic_Istvanic/ISE/LV3_vhdl/planAhead_run_3/planAhead.log
# Journal file: D:/DRS/LV3_Milicevic_Istvanic/ISE/LV3_vhdl/planAhead_run_3/planAhead.jou
#-----------------------------------------------------------
INFO: [Common 17-78] Attempting to get a license: PlanAhead
INFO: [Common 17-290] Got license for PlanAhead
INFO: [Common 17-86] Your PlanAhead license expires in -1812 day(s)
INFO: [Device 21-36] Loading parts and site information from C:/Xilinx/14.7/ISE_DS/PlanAhead/data/parts/arch.xml
Parsing RTL primitives file [C:/Xilinx/14.7/ISE_DS/PlanAhead/data/parts/xilinx/rtl/prims/rtl_prims.xml]
Finished parsing RTL primitives file [C:/Xilinx/14.7/ISE_DS/PlanAhead/data/parts/xilinx/rtl/prims/rtl_prims.xml]
start_gui
INFO: [Common 17-81] Feature available: PartialReconfiguration
source D:/DRS/LV3_Milicevic_Istvanic/ISE/LV3_vhdl/pa.fromNetlist.tcl
# create_project -name LV3_vhdl -dir "D:/DRS/LV3_Milicevic_Istvanic/ISE/LV3_vhdl/planAhead_run_3" -part xc6slx16csg324-3
# set_property design_mode GateLvl [get_property srcset [current_run -impl]]
# set_property edif_top_file "D:/DRS/LV3_Milicevic_Istvanic/ISE/LV3_vhdl/sevenSegmentCNTRL.ngc" [ get_property srcset [ current_run ] ]
# add_files -norecurse { {D:/DRS/LV3_Milicevic_Istvanic/ISE/LV3_vhdl} }
# set_param project.pinAheadLayout  yes
# set_property target_constrs_file "sevenSegmentCNTRL.ucf" [current_fileset -constrset]
Adding file 'D:/DRS/LV3_Milicevic_Istvanic/ISE/LV3_vhdl/sevenSegmentCNTRL.ucf' to fileset 'constrs_1'
# add_files [list {sevenSegmentCNTRL.ucf}] -fileset [get_property constrset [current_run]]
# link_design
Design is defaulting to srcset: sources_1
Design is defaulting to constrset: constrs_1
Design is defaulting to project part: xc6slx16csg324-3
Release 14.7 - ngc2edif P.20131013 (nt)
Copyright (c) 1995-2013 Xilinx, Inc.  All rights reserved.

Release 14.7 - ngc2edif P.20131013 (nt)
Copyright (c) 1995-2013 Xilinx, Inc.  All rights reserved.
Reading design sevenSegmentCNTRL.ngc ...
WARNING:NetListWriters:298 - No output is written to sevenSegmentCNTRL.xncf,
   ignored.
Processing design ...
   Preping design's networks ...
   Preping design's macros ...
  finished :Prep
Writing EDIF netlist file sevenSegmentCNTRL.edif ...
ngc2edif: Total memory usage is 78468 kilobytes

Parsing EDIF File [./planAhead_run_3/LV3_vhdl.data/cache/sevenSegmentCNTRL_ngc_zx.edif]
Finished Parsing EDIF File [./planAhead_run_3/LV3_vhdl.data/cache/sevenSegmentCNTRL_ngc_zx.edif]
INFO: [Netlist 29-17] Analyzing 1 Unisim elements for replacement
INFO: [Netlist 29-28] Unisim Transformation completed in 0 CPU seconds
Loading clock regions from C:/Xilinx/14.7/ISE_DS/PlanAhead/data\parts/xilinx/spartan6/spartan6lx/xc6slx16/ClockRegion.xml
Loading clock buffers from C:/Xilinx/14.7/ISE_DS/PlanAhead/data\parts/xilinx/spartan6/spartan6lx/xc6slx16/ClockBuffers.xml
Loading package pin functions from C:/Xilinx/14.7/ISE_DS/PlanAhead/data\parts/xilinx/spartan6/PinFunctions.xml...
Loading package from C:/Xilinx/14.7/ISE_DS/PlanAhead/data\parts/xilinx/spartan6/spartan6lx/xc6slx16/csg324/Package.xml
Loading io standards from C:/Xilinx/14.7/ISE_DS/PlanAhead/data\./parts/xilinx/spartan6/IOStandards.xml
Loading device configuration modes from C:/Xilinx/14.7/ISE_DS/PlanAhead/data\parts/xilinx/spartan6/ConfigModes.xml
Loading list of drcs for the architecture : C:/Xilinx/14.7/ISE_DS/PlanAhead/data\./parts/xilinx/spartan6/drc.xml
Parsing UCF File [D:/DRS/LV3_Milicevic_Istvanic/ISE/LV3_vhdl/sevenSegmentCNTRL.ucf]
Finished Parsing UCF File [D:/DRS/LV3_Milicevic_Istvanic/ISE/LV3_vhdl/sevenSegmentCNTRL.ucf]
INFO: [Project 1-111] Unisim Transformation Summary:
  A total of 1 instances were transformed.
  BUFGP => BUFGP (IBUF, BUFG): 1 instances

Phase 0 | Netlist Checksum: 5de50758
link_design: Time (s): elapsed = 00:00:07 . Memory (MB): peak = 545.898 ; gain = 133.563
exit
ERROR: [PlanAhead 12-106] *** Exception: ui.h.b: Found deleted key in HTclEventBroker. Verify if the classes listed here call cleanup()
HTclEvent: DEBUG_PORT_CONFIG_CHANGE   Classes: ui.views.aR 
HTclEvent: DEBUG_CORE_CONFIG_CHANGE   Classes: ui.views.aR 
HTclEvent: SIGNAL_MODIFY   Classes: ui.views.aR 
HTclEvent: SIGNAL_BUS_MODIFY   Classes: ui.views.aR 
 (See D:/DRS/LV3_Milicevic_Istvanic/ISE/LV3_vhdl\planAhead_pid6080.debug)
ERROR: [Common 17-39] 'stop_gui' failed due to earlier errors.
INFO: [Common 17-206] Exiting PlanAhead at Thu Nov 16 09:26:17 2023...
INFO: [Common 17-83] Releasing license: PlanAhead
