07:46:49.315 INFO  - Processing command line option -hwspec D:\DRS\LV7_Milicevic_Istvanic\EDK\SDK\SDK_Export\hw\system.xml. 
08:10:03.246 INFO  - Successfully generated D:\DRS\LV7_Milicevic_Istvanic\SDK\lv6\src\lscript.ld. 
08:10:03.247 INFO  - Applying linker script to all configurations of project lv6. 
08:10:03.248 INFO  - Setting rebuild state to true for all configurations of project lv6. 
08:12:35.408 INFO  - FPGA configured successfully with bitstream "D:/DRS/LV7_Milicevic_Istvanic/SDK/EDK_hw_platform/download.bit" 
08:13:49.594 INFO  - FPGA configured successfully with bitstream "D:/DRS/LV7_Milicevic_Istvanic/SDK/EDK_hw_platform/download.bit" 
08:15:56.592 INFO  - Successfully generated D:\DRS\LV7_Milicevic_Istvanic\SDK\lv6\src\lscript.ld. 
08:15:56.592 INFO  - Applying linker script to all configurations of project lv6. 
08:15:56.593 INFO  - Setting rebuild state to true for all configurations of project lv6. 
08:17:29.616 INFO  - FPGA configured successfully with bitstream "D:/DRS/LV7_Milicevic_Istvanic/SDK/EDK_hw_platform/download.bit" 
08:21:58.341 INFO  - Successfully generated D:\DRS\LV7_Milicevic_Istvanic\SDK\lv6\src\lscript.ld. 
08:21:58.342 INFO  - Applying linker script to all configurations of project lv6. 
08:21:58.342 INFO  - Setting rebuild state to true for all configurations of project lv6. 
08:23:19.134 INFO  - Successfully generated D:\DRS\LV7_Milicevic_Istvanic\SDK\lv6\src\lscript.ld. 
08:23:19.135 INFO  - Applying linker script to all configurations of project lv6. 
08:23:19.135 INFO  - Setting rebuild state to true for all configurations of project lv6. 
08:23:35.082 INFO  - FPGA configured successfully with bitstream "D:/DRS/LV7_Milicevic_Istvanic/SDK/EDK_hw_platform/download.bit" 
08:24:29.241 INFO  - FPGA configured successfully with bitstream "D:/DRS/LV7_Milicevic_Istvanic/SDK/EDK_hw_platform/download.bit" 
08:25:18.574 INFO  - FPGA configured successfully with bitstream "D:/DRS/LV7_Milicevic_Istvanic/SDK/EDK_hw_platform/download.bit" 
08:28:44.260 INFO  - FPGA configured successfully with bitstream "D:/DRS/LV7_Milicevic_Istvanic/SDK/EDK_hw_platform/download.bit" 
08:32:52.583 INFO  - FPGA configured successfully with bitstream "D:/DRS/LV7_Milicevic_Istvanic/SDK/EDK_hw_platform/download.bit" 
08:37:14.067 INFO  - FPGA configured successfully with bitstream "D:/DRS/LV7_Milicevic_Istvanic/SDK/EDK_hw_platform/download.bit" 
08:37:43.200 INFO  - FPGA configured successfully with bitstream "D:/DRS/LV7_Milicevic_Istvanic/SDK/EDK_hw_platform/download.bit" 
08:38:02.663 INFO  - FPGA configured successfully with bitstream "D:/DRS/LV7_Milicevic_Istvanic/SDK/EDK_hw_platform/download.bit" 
08:38:31.696 INFO  - FPGA configured successfully with bitstream "D:/DRS/LV7_Milicevic_Istvanic/SDK/EDK_hw_platform/download.bit" 
08:38:55.005 INFO  - FPGA configured successfully with bitstream "D:/DRS/LV7_Milicevic_Istvanic/SDK/EDK_hw_platform/download.bit" 
08:40:39.191 INFO  - FPGA configured successfully with bitstream "D:/DRS/LV7_Milicevic_Istvanic/SDK/EDK_hw_platform/download.bit" 
08:46:13.620 INFO  - FPGA configured successfully with bitstream "D:/DRS/LV7_Milicevic_Istvanic/SDK/EDK_hw_platform/download.bit" 
08:47:12.893 INFO  - FPGA configured successfully with bitstream "D:/DRS/LV7_Milicevic_Istvanic/SDK/EDK_hw_platform/download.bit" 
08:48:05.898 INFO  - FPGA configured successfully with bitstream "D:/DRS/LV7_Milicevic_Istvanic/SDK/EDK_hw_platform/download.bit" 
08:49:03.180 INFO  - FPGA configured successfully with bitstream "D:/DRS/LV7_Milicevic_Istvanic/SDK/EDK_hw_platform/download.bit" 
08:50:08.432 INFO  - FPGA configured successfully with bitstream "D:/DRS/LV7_Milicevic_Istvanic/SDK/EDK_hw_platform/download.bit" 
08:50:42.616 INFO  - FPGA configured successfully with bitstream "D:/DRS/LV7_Milicevic_Istvanic/SDK/EDK_hw_platform/download.bit" 
08:52:10.929 INFO  - FPGA configured successfully with bitstream "D:/DRS/LV7_Milicevic_Istvanic/SDK/EDK_hw_platform/download.bit" 
08:53:00.899 INFO  - FPGA configured successfully with bitstream "D:/DRS/LV7_Milicevic_Istvanic/SDK/EDK_hw_platform/download.bit" 
08:53:36.557 INFO  - FPGA configured successfully with bitstream "D:/DRS/LV7_Milicevic_Istvanic/SDK/EDK_hw_platform/download.bit" 
08:54:24.854 INFO  - FPGA configured successfully with bitstream "D:/DRS/LV7_Milicevic_Istvanic/SDK/EDK_hw_platform/download.bit" 
08:54:59.945 INFO  - FPGA configured successfully with bitstream "D:/DRS/LV7_Milicevic_Istvanic/SDK/EDK_hw_platform/download.bit" 
08:55:40.536 INFO  - FPGA configured successfully with bitstream "D:/DRS/LV7_Milicevic_Istvanic/SDK/EDK_hw_platform/download.bit" 
09:01:56.948 INFO  - FPGA configured successfully with bitstream "D:/DRS/LV7_Milicevic_Istvanic/SDK/EDK_hw_platform/download.bit" 
09:02:41.653 INFO  - FPGA configured successfully with bitstream "D:/DRS/LV7_Milicevic_Istvanic/SDK/EDK_hw_platform/download.bit" 
09:05:09.601 INFO  - FPGA configured successfully with bitstream "D:/DRS/LV7_Milicevic_Istvanic/SDK/EDK_hw_platform/download.bit" 
09:05:49.275 INFO  - FPGA configured successfully with bitstream "D:/DRS/LV7_Milicevic_Istvanic/SDK/EDK_hw_platform/download.bit" 
09:06:12.609 INFO  - FPGA configured successfully with bitstream "D:/DRS/LV7_Milicevic_Istvanic/SDK/EDK_hw_platform/download.bit" 
09:06:40.536 INFO  - FPGA configured successfully with bitstream "D:/DRS/LV7_Milicevic_Istvanic/SDK/EDK_hw_platform/download.bit" 
09:08:09.978 INFO  - FPGA configured successfully with bitstream "D:/DRS/LV7_Milicevic_Istvanic/SDK/EDK_hw_platform/download.bit" 
09:09:02.197 INFO  - FPGA configured successfully with bitstream "D:/DRS/LV7_Milicevic_Istvanic/SDK/EDK_hw_platform/download.bit" 
09:15:27.726 INFO  - FPGA configured successfully with bitstream "D:/DRS/LV7_Milicevic_Istvanic/SDK/EDK_hw_platform/download.bit" 
09:16:15.646 INFO  - FPGA configured successfully with bitstream "D:/DRS/LV7_Milicevic_Istvanic/SDK/EDK_hw_platform/download.bit" 
09:16:24.182 INFO  - FPGA configured successfully with bitstream "D:/DRS/LV7_Milicevic_Istvanic/SDK/EDK_hw_platform/download.bit" 
09:16:49.870 INFO  - FPGA configured successfully with bitstream "D:/DRS/LV7_Milicevic_Istvanic/SDK/EDK_hw_platform/download.bit" 
09:21:46.700 INFO  - FPGA configured successfully with bitstream "D:/DRS/LV7_Milicevic_Istvanic/SDK/EDK_hw_platform/download.bit" 
09:22:05.438 INFO  - FPGA configured successfully with bitstream "D:/DRS/LV7_Milicevic_Istvanic/SDK/EDK_hw_platform/download.bit" 
09:22:38.491 INFO  - FPGA configured successfully with bitstream "D:/DRS/LV7_Milicevic_Istvanic/SDK/EDK_hw_platform/download.bit" 
09:22:56.136 INFO  - FPGA configured successfully with bitstream "D:/DRS/LV7_Milicevic_Istvanic/SDK/EDK_hw_platform/download.bit" 
09:24:15.535 INFO  - FPGA configured successfully with bitstream "D:/DRS/LV7_Milicevic_Istvanic/SDK/EDK_hw_platform/download.bit" 
09:25:07.635 INFO  - FPGA configured successfully with bitstream "D:/DRS/LV7_Milicevic_Istvanic/SDK/EDK_hw_platform/download.bit" 
09:25:29.335 INFO  - FPGA configured successfully with bitstream "D:/DRS/LV7_Milicevic_Istvanic/SDK/EDK_hw_platform/download.bit" 
09:25:56.058 INFO  - FPGA configured successfully with bitstream "D:/DRS/LV7_Milicevic_Istvanic/SDK/EDK_hw_platform/download.bit" 
09:26:20.915 INFO  - FPGA configured successfully with bitstream "D:/DRS/LV7_Milicevic_Istvanic/SDK/EDK_hw_platform/download.bit" 
09:27:14.174 INFO  - FPGA configured successfully with bitstream "D:/DRS/LV7_Milicevic_Istvanic/SDK/EDK_hw_platform/download.bit" 
09:28:17.969 INFO  - FPGA configured successfully with bitstream "D:/DRS/LV7_Milicevic_Istvanic/SDK/EDK_hw_platform/download.bit" 
09:31:28.127 INFO  - FPGA configured successfully with bitstream "D:/DRS/LV7_Milicevic_Istvanic/SDK/EDK_hw_platform/download.bit" 
09:32:19.366 INFO  - FPGA configured successfully with bitstream "D:/DRS/LV7_Milicevic_Istvanic/SDK/EDK_hw_platform/download.bit" 
09:32:47.569 INFO  - FPGA configured successfully with bitstream "D:/DRS/LV7_Milicevic_Istvanic/SDK/EDK_hw_platform/download.bit" 
09:33:10.269 INFO  - FPGA configured successfully with bitstream "D:/DRS/LV7_Milicevic_Istvanic/SDK/EDK_hw_platform/download.bit" 
09:34:04.564 INFO  - FPGA configured successfully with bitstream "D:/DRS/LV7_Milicevic_Istvanic/SDK/EDK_hw_platform/download.bit" 
09:35:11.401 INFO  - FPGA configured successfully with bitstream "D:/DRS/LV7_Milicevic_Istvanic/SDK/EDK_hw_platform/download.bit" 
09:36:01.870 INFO  - FPGA configured successfully with bitstream "D:/DRS/LV7_Milicevic_Istvanic/SDK/EDK_hw_platform/download.bit" 
09:36:33.953 INFO  - FPGA configured successfully with bitstream "D:/DRS/LV7_Milicevic_Istvanic/SDK/EDK_hw_platform/download.bit" 
09:37:25.996 INFO  - FPGA configured successfully with bitstream "D:/DRS/LV7_Milicevic_Istvanic/SDK/EDK_hw_platform/download.bit" 
09:38:31.792 INFO  - FPGA configured successfully with bitstream "D:/DRS/LV7_Milicevic_Istvanic/SDK/EDK_hw_platform/download.bit" 
09:40:45.765 INFO  - FPGA configured successfully with bitstream "D:/DRS/LV7_Milicevic_Istvanic/SDK/EDK_hw_platform/download.bit" 
09:41:40.607 INFO  - FPGA configured successfully with bitstream "D:/DRS/LV7_Milicevic_Istvanic/SDK/EDK_hw_platform/download.bit" 
09:42:43.559 INFO  - FPGA configured successfully with bitstream "D:/DRS/LV7_Milicevic_Istvanic/SDK/EDK_hw_platform/download.bit" 
09:43:19.067 INFO  - FPGA configured successfully with bitstream "D:/DRS/LV7_Milicevic_Istvanic/SDK/EDK_hw_platform/download.bit" 
09:47:20.556 INFO  - FPGA configured successfully with bitstream "D:/DRS/LV7_Milicevic_Istvanic/SDK/EDK_hw_platform/download.bit" 
09:50:06.015 INFO  - FPGA configured successfully with bitstream "D:/DRS/LV7_Milicevic_Istvanic/SDK/EDK_hw_platform/download.bit" 
09:51:32.832 INFO  - FPGA configured successfully with bitstream "D:/DRS/LV7_Milicevic_Istvanic/SDK/EDK_hw_platform/download.bit" 
09:52:18.626 INFO  - FPGA configured successfully with bitstream "D:/DRS/LV7_Milicevic_Istvanic/SDK/EDK_hw_platform/download.bit" 
09:53:06.375 INFO  - FPGA configured successfully with bitstream "D:/DRS/LV7_Milicevic_Istvanic/SDK/EDK_hw_platform/download.bit" 
09:54:19.097 ERROR - Unexpected error while parsing XMD response ?: com.google.gson.JsonSyntaxException: com.google.gson.stream.MalformedJsonException: invalid number or unquoted string near  
